AIKundliGenerator/app/build/intermediates/manifest_merge_blame_file/debug/manifest-merger-blame-debug-report.txt
1<?xml version="1.0" encoding="utf-8"?>
2<manifest xmlns:android="http://schemas.android.com/apk/res/android"
3    package="com.aikundli.generator"
4    android:versionCode="1"
5    android:versionName="1.0.0" >
6
7    <uses-sdk
8        android:minSdkVersion="26"
9        android:targetSdkVersion="35" />
10
11    <uses-permission android:name="android.permission.INTERNET" />
11-->src/main/AndroidManifest.xml:4:5-67
11-->src/main/AndroidManifest.xml:4:22-64
12    <uses-permission android:name="android.permission.ACCESS_NETWORK_STATE" />
12-->src/main/AndroidManifest.xml:5:5-79
12-->src/main/AndroidManifest.xml:5:22-76
13    <uses-permission android:name="com.google.android.gms.permission.AD_ID" />
13-->[com.google.android.gms:play-services-ads-lite:22.6.0] AndroidManifest.xml:26:5-79
13-->[com.google.android.gms:play-services-ads-lite:22.6.0] AndroidManifest.xml:26:22-76
14    <uses-permission android:name="android.permission.ACCESS_ADSERVICES_AD_ID" />
14-->[com.google.android.gms:play-services-ads-lite:22.6.0] AndroidManifest.xml:27:5-82
14-->[com.google.android.gms:play-services-ads-lite:22.6.0] AndroidManifest.xml:27:22-79
15    <uses-permission android:name="android.permission.ACCESS_ADSERVICES_ATTRIBUTION" />
15-->[com.google.android.gms:play-services-ads-lite:22.6.0] AndroidManifest.xml:28:5-88
15-->[com.google.android.gms:play-services-ads-lite:22.6.0] AndroidManifest.xml:28:22-85
16    <uses-permission android:name="android.permission.ACCESS_ADSERVICES_TOPICS" /> <!-- Android package visibility setting -->
16-->[com.google.android.gms:play-services-ads-lite:22.6.0] AndroidManifest.xml:29:5-83
16-->[com.google.android.gms:play-services-ads-lite:22.6.0] AndroidManifest.xml:29:22-80
17    <queries>
17-->[com.google.android.gms:play-services-ads-lite:22.6.0] AndroidManifest.xml:35:5-51:15
18
19        <!-- For browser content -->
20        <intent>
20-->[com.google.android.gms:play-services-ads-lite:22.6.0] AndroidManifest.xml:38:9-44:18
21            <action android:name="android.intent.action.VIEW" />
21-->[com.google.android.gms:play-services-ads-lite:22.6.0] AndroidManifest.xml:39:13-65
21-->[com.google.android.gms:play-services-ads-lite:22.6.0] AndroidManifest.xml:39:21-62
22
23            <category android:name="android.intent.category.BROWSABLE" />
23-->[com.google.android.gms:play-services-ads-lite:22.6.0] AndroidManifest.xml:41:13-74
23-->[com.google.android.gms:play-services-ads-lite:22.6.0] AndroidManifest.xml:41:23-71
24
25            <data android:scheme="https" />
25-->[com.google.android.gms:play-services-ads-lite:22.6.0] AndroidManifest.xml:43:13-44
25-->[com.google.android.gms:play-services-ads-lite:22.6.0] AndroidManifest.xml:43:19-41
26        </intent>
27        <!-- End of browser content -->
28        <!-- For CustomTabsService -->
29        <intent>
29-->[com.google.android.gms:play-services-ads-lite:22.6.0] AndroidManifest.xml:47:9-49:18
30            <action android:name="android.support.customtabs.action.CustomTabsService" />
30-->[com.google.android.gms:play-services-ads-lite:22.6.0] AndroidManifest.xml:48:13-90
30-->[com.google.android.gms:play-services-ads-lite:22.6.0] AndroidManifest.xml:48:21-87
31        </intent>
32        <!-- End of CustomTabsService -->
33    </queries>
34
35    <uses-permission android:name="android.permission.WAKE_LOCK" />
35-->[com.google.android.gms:play-services-measurement-sdk-api:20.1.2] AndroidManifest.xml:25:5-68
35-->[com.google.android.gms:play-services-measurement-sdk-api:20.1.2] AndroidManifest.xml:25:22-65
36    <uses-permission android:name="android.permission.FOREGROUND_SERVICE" />
36-->[androidx.work:work-runtime:2.7.0] AndroidManifest.xml:28:5-77
36-->[androidx.work:work-runtime:2.7.0] AndroidManifest.xml:28:22-74
37
38    <permission
38-->[androidx.core:core:1.12.0] AndroidManifest.xml:22:5-24:47
39        android:name="com.aikundli.generator.DYNAMIC_RECEIVER_NOT_EXPORTED_PERMISSION"
39-->[androidx.core:core:1.12.0] AndroidManifest.xml:23:9-81
40        android:protectionLevel="signature" />
40-->[androidx.core:core:1.12.0] AndroidManifest.xml:24:9-44
41
42    <uses-permission android:name="com.aikundli.generator.DYNAMIC_RECEIVER_NOT_EXPORTED_PERMISSION" />
42-->[androidx.core:core:1.12.0] AndroidManifest.xml:26:5-97
42-->[androidx.core:core:1.12.0] AndroidManifest.xml:26:22-94
43
44    <application
44-->src/main/AndroidManifest.xml:7:5-47:19
45        android:name="com.aikundli.KundliApplication"
45-->src/main/AndroidManifest.xml:8:9-42
46        android:allowBackup="true"
46-->src/main/AndroidManifest.xml:9:9-35
47        android:appComponentFactory="androidx.core.app.CoreComponentFactory"
47-->[androidx.core:core:1.12.0] AndroidManifest.xml:28:18-86
48        android:debuggable="true"
49        android:extractNativeLibs="false"
50        android:icon="@mipmap/ic_launcher"
50-->src/main/AndroidManifest.xml:10:9-43
51        android:label="@string/app_name"
51-->src/main/AndroidManifest.xml:11:9-41
52        android:networkSecurityConfig="@xml/network_security_config"
52-->src/main/AndroidManifest.xml:16:9-69
53        android:roundIcon="@mipmap/ic_launcher_round"
53-->src/main/AndroidManifest.xml:12:9-54
54        android:supportsRtl="true"
54-->src/main/AndroidManifest.xml:13:9-35
55        android:theme="@style/Theme.AIKundliGenerator"
55-->src/main/AndroidManifest.xml:14:9-55
56        android:usesCleartextTraffic="false" >
56-->src/main/AndroidManifest.xml:15:9-45
57
58        <!-- AdMob — uses Google's test App ID. Replace with real ID before publishing -->
59        <meta-data
59-->src/main/AndroidManifest.xml:19:9-21:52
60            android:name="com.google.android.gms.ads.APPLICATION_ID"
60-->src/main/AndroidManifest.xml:20:13-69
61            android:value="@string/admob_app_id" />
61-->src/main/AndroidManifest.xml:21:13-49
62        <meta-data
62-->src/main/AndroidManifest.xml:22:9-24:36
63            android:name="com.google.android.gms.ads.DELAY_APP_MEASUREMENT_INIT"
63-->src/main/AndroidManifest.xml:23:13-81
64            android:value="true" />
64-->src/main/AndroidManifest.xml:24:13-33
65
66        <activity
66-->src/main/AndroidManifest.xml:26:9-35:20
67            android:name="com.aikundli.MainActivity"
67-->src/main/AndroidManifest.xml:27:13-41
68            android:exported="true"
68-->src/main/AndroidManifest.xml:28:13-36
69            android:screenOrientation="portrait"
69-->src/main/AndroidManifest.xml:30:13-49
70            android:windowSoftInputMode="adjustResize" >
70-->src/main/AndroidManifest.xml:29:13-55
71            <intent-filter>
71-->src/main/AndroidManifest.xml:31:13-34:29
72                <action android:name="android.intent.action.MAIN" />
72-->src/main/AndroidManifest.xml:32:17-69
72-->src/main/AndroidManifest.xml:32:25-66
73
74                <category android:name="android.intent.category.LAUNCHER" />
74-->src/main/AndroidManifest.xml:33:17-77
74-->src/main/AndroidManifest.xml:33:27-74
75            </intent-filter>
76        </activity>
77
78        <provider
79            android:name="androidx.core.content.FileProvider"
79-->src/main/AndroidManifest.xml:38:13-62
80            android:authorities="com.aikundli.generator.fileprovider"
80-->src/main/AndroidManifest.xml:39:13-64
81            android:exported="false"
81-->src/main/AndroidManifest.xml:40:13-37
82            android:grantUriPermissions="true" >
82-->src/main/AndroidManifest.xml:41:13-47
83            <meta-data
83-->src/main/AndroidManifest.xml:42:13-44:54
84                android:name="android.support.FILE_PROVIDER_PATHS"
84-->src/main/AndroidManifest.xml:43:17-67
85                android:resource="@xml/file_paths" />
85-->src/main/AndroidManifest.xml:44:17-51
86        </provider>
87
88        <!-- Include the AdActivity and InAppPurchaseActivity configChanges and themes. -->
89        <activity
89-->[com.google.android.gms:play-services-ads-lite:22.6.0] AndroidManifest.xml:56:9-61:43
90            android:name="com.google.android.gms.ads.AdActivity"
90-->[com.google.android.gms:play-services-ads-lite:22.6.0] AndroidManifest.xml:57:13-65
91            android:configChanges="keyboard|keyboardHidden|orientation|screenLayout|uiMode|screenSize|smallestScreenSize"
91-->[com.google.android.gms:play-services-ads-lite:22.6.0] AndroidManifest.xml:58:13-122
92            android:exported="false"
92-->[com.google.android.gms:play-services-ads-lite:22.6.0] AndroidManifest.xml:59:13-37
93            android:theme="@android:style/Theme.Translucent" />
93-->[com.google.android.gms:play-services-ads-lite:22.6.0] AndroidManifest.xml:60:13-61
94
95        <provider
95-->[com.google.android.gms:play-services-ads-lite:22.6.0] AndroidManifest.xml:63:9-68:43
96            android:name="com.google.android.gms.ads.MobileAdsInitProvider"
96-->[com.google.android.gms:play-services-ads-lite:22.6.0] AndroidManifest.xml:64:13-76
97            android:authorities="com.aikundli.generator.mobileadsinitprovider"
97-->[com.google.android.gms:play-services-ads-lite:22.6.0] AndroidManifest.xml:65:13-73
98            android:exported="false"
98-->[com.google.android.gms:play-services-ads-lite:22.6.0] AndroidManifest.xml:66:13-37
99            android:initOrder="100" />
99-->[com.google.android.gms:play-services-ads-lite:22.6.0] AndroidManifest.xml:67:13-36
100
101        <service
101-->[com.google.android.gms:play-services-ads-lite:22.6.0] AndroidManifest.xml:70:9-74:43
102            android:name="com.google.android.gms.ads.AdService"
102-->[com.google.android.gms:play-services-ads-lite:22.6.0] AndroidManifest.xml:71:13-64
103            android:enabled="true"
103-->[com.google.android.gms:play-services-ads-lite:22.6.0] AndroidManifest.xml:72:13-35
104            android:exported="false" />
104-->[com.google.android.gms:play-services-ads-lite:22.6.0] AndroidManifest.xml:73:13-37
105
106        <activity
106-->[com.google.android.gms:play-services-ads-lite:22.6.0] AndroidManifest.xml:76:9-80:43
107            android:name="com.google.android.gms.ads.OutOfContextTestingActivity"
107-->[com.google.android.gms:play-services-ads-lite:22.6.0] AndroidManifest.xml:77:13-82
108            android:configChanges="keyboard|keyboardHidden|orientation|screenLayout|uiMode|screenSize|smallestScreenSize"
108-->[com.google.android.gms:play-services-ads-lite:22.6.0] AndroidManifest.xml:78:13-122
109            android:exported="false" />
109-->[com.google.android.gms:play-services-ads-lite:22.6.0] AndroidManifest.xml:79:13-37
110        <activity
110-->[com.google.android.gms:play-services-ads-lite:22.6.0] AndroidManifest.xml:81:9-88:43
111            android:name="com.google.android.gms.ads.NotificationHandlerActivity"
111-->[com.google.android.gms:play-services-ads-lite:22.6.0] AndroidManifest.xml:82:13-82
112            android:excludeFromRecents="true"
112-->[com.google.android.gms:play-services-ads-lite:22.6.0] AndroidManifest.xml:83:13-46
113            android:exported="false"
113-->[com.google.android.gms:play-services-ads-lite:22.6.0] AndroidManifest.xml:84:13-37
114            android:launchMode="singleTask"
114-->[com.google.android.gms:play-services-ads-lite:22.6.0] AndroidManifest.xml:85:13-44
115            android:taskAffinity=""
115-->[com.google.android.gms:play-services-ads-lite:22.6.0] AndroidManifest.xml:86:13-36
116            android:theme="@android:style/Theme.Translucent.NoTitleBar" />
116-->[com.google.android.gms:play-services-ads-lite:22.6.0] AndroidManifest.xml:87:13-72
117
118        <property
118-->[com.google.android.gms:play-services-ads-lite:22.6.0] AndroidManifest.xml:90:9-92:62
119            android:name="android.adservices.AD_SERVICES_CONFIG"
119-->[com.google.android.gms:play-services-ads-lite:22.6.0] AndroidManifest.xml:91:13-65
120            android:resource="@xml/gma_ad_services_config" />
120-->[com.google.android.gms:play-services-ads-lite:22.6.0] AndroidManifest.xml:92:13-59
121
122        <activity
122-->[com.google.android.gms:play-services-base:18.0.0] AndroidManifest.xml:20:9-22:45
123            android:name="com.google.android.gms.common.api.GoogleApiActivity"
123-->[com.google.android.gms:play-services-base:18.0.0] AndroidManifest.xml:20:19-85
124            android:exported="false"
124-->[com.google.android.gms:play-services-base:18.0.0] AndroidManifest.xml:22:19-43
125            android:theme="@android:style/Theme.Translucent.NoTitleBar" />
125-->[com.google.android.gms:play-services-base:18.0.0] AndroidManifest.xml:21:19-78
126
127        <meta-data
127-->[com.google.android.gms:play-services-basement:18.2.0] AndroidManifest.xml:21:9-23:69
128            android:name="com.google.android.gms.version"
128-->[com.google.android.gms:play-services-basement:18.2.0] AndroidManifest.xml:22:13-58
129            android:value="@integer/google_play_services_version" />
129-->[com.google.android.gms:play-services-basement:18.2.0] AndroidManifest.xml:23:13-66
130
131        <activity
131-->[androidx.compose.ui:ui-test-manifest:1.6.0] AndroidManifest.xml:23:9-25:39
132            android:name="androidx.activity.ComponentActivity"
132-->[androidx.compose.ui:ui-test-manifest:1.6.0] AndroidManifest.xml:24:13-63
133            android:exported="true" />
133-->[androidx.compose.ui:ui-test-manifest:1.6.0] AndroidManifest.xml:25:13-36
134        <activity
134-->[androidx.compose.ui:ui-tooling-android:1.6.0] AndroidManifest.xml:23:9-25:39
135            android:name="androidx.compose.ui.tooling.PreviewActivity"
135-->[androidx.compose.ui:ui-tooling-android:1.6.0] AndroidManifest.xml:24:13-71
136            android:exported="true" />
136-->[androidx.compose.ui:ui-tooling-android:1.6.0] AndroidManifest.xml:25:13-36
137
138        <provider
138-->[androidx.work:work-runtime:2.7.0] AndroidManifest.xml:31:9-39:20
139            android:name="androidx.startup.InitializationProvider"
139-->[androidx.work:work-runtime:2.7.0] AndroidManifest.xml:32:13-67
140            android:authorities="com.aikundli.generator.androidx-startup"
140-->[androidx.work:work-runtime:2.7.0] AndroidManifest.xml:33:13-68
141            android:exported="false" >
141-->[androidx.work:work-runtime:2.7.0] AndroidManifest.xml:34:13-37
142            <meta-data
142-->[androidx.work:work-runtime:2.7.0] AndroidManifest.xml:36:13-38:52
143                android:name="androidx.work.WorkManagerInitializer"
143-->[androidx.work:work-runtime:2.7.0] AndroidManifest.xml:37:17-68
144                android:value="androidx.startup" />
144-->[androidx.work:work-runtime:2.7.0] AndroidManifest.xml:38:17-49
145            <meta-data
145-->[androidx.emoji2:emoji2:1.3.0] AndroidManifest.xml:29:13-31:52
146                android:name="androidx.emoji2.text.EmojiCompatInitializer"
146-->[androidx.emoji2:emoji2:1.3.0] AndroidManifest.xml:30:17-75
147                android:value="androidx.startup" />
147-->[androidx.emoji2:emoji2:1.3.0] AndroidManifest.xml:31:17-49
148            <meta-data
148-->[androidx.lifecycle:lifecycle-process:2.7.0] AndroidManifest.xml:29:13-31:52
149                android:name="androidx.lifecycle.ProcessLifecycleInitializer"
149-->[androidx.lifecycle:lifecycle-process:2.7.0] AndroidManifest.xml:30:17-78
150                android:value="androidx.startup" />
150-->[androidx.lifecycle:lifecycle-process:2.7.0] AndroidManifest.xml:31:17-49
151            <meta-data
151-->[androidx.profileinstaller:profileinstaller:1.3.0] AndroidManifest.xml:29:13-31:52
152                android:name="androidx.profileinstaller.ProfileInstallerInitializer"
152-->[androidx.profileinstaller:profileinstaller:1.3.0] AndroidManifest.xml:30:17-85
153                android:value="androidx.startup" />
153-->[androidx.profileinstaller:profileinstaller:1.3.0] AndroidManifest.xml:31:17-49
154        </provider>
155
156        <service
156-->[androidx.work:work-runtime:2.7.0] AndroidManifest.xml:41:9-46:35
157            android:name="androidx.work.impl.background.systemalarm.SystemAlarmService"
157-->[androidx.work:work-runtime:2.7.0] AndroidManifest.xml:42:13-88
158            android:directBootAware="false"
158-->[androidx.work:work-runtime:2.7.0] AndroidManifest.xml:43:13-44
159            android:enabled="@bool/enable_system_alarm_service_default"
159-->[androidx.work:work-runtime:2.7.0] AndroidManifest.xml:44:13-72
160            android:exported="false" />
160-->[androidx.work:work-runtime:2.7.0] AndroidManifest.xml:45:13-37
161        <service
161-->[androidx.work:work-runtime:2.7.0] AndroidManifest.xml:47:9-53:35
162            android:name="androidx.work.impl.background.systemjob.SystemJobService"
162-->[androidx.work:work-runtime:2.7.0] AndroidManifest.xml:48:13-84
163            android:directBootAware="false"
163-->[androidx.work:work-runtime:2.7.0] AndroidManifest.xml:49:13-44
164            android:enabled="@bool/enable_system_job_service_default"
164-->[androidx.work:work-runtime:2.7.0] AndroidManifest.xml:50:13-70
165            android:exported="true"
165-->[androidx.work:work-runtime:2.7.0] AndroidManifest.xml:51:13-36
166            android:permission="android.permission.BIND_JOB_SERVICE" />
166-->[androidx.work:work-runtime:2.7.0] AndroidManifest.xml:52:13-69
167        <service
167-->[androidx.work:work-runtime:2.7.0] AndroidManifest.xml:54:9-59:35
168            android:name="androidx.work.impl.foreground.SystemForegroundService"
168-->[androidx.work:work-runtime:2.7.0] AndroidManifest.xml:55:13-81
169            android:directBootAware="false"
169-->[androidx.work:work-runtime:2.7.0] AndroidManifest.xml:56:13-44
170            android:enabled="@bool/enable_system_foreground_service_default"
170-->[androidx.work:work-runtime:2.7.0] AndroidManifest.xml:57:13-77
171            android:exported="false" />
171-->[androidx.work:work-runtime:2.7.0] AndroidManifest.xml:58:13-37
172
173        <receiver
173-->[androidx.work:work-runtime:2.7.0] AndroidManifest.xml:61:9-66:35
174            android:name="androidx.work.impl.utils.ForceStopRunnable$BroadcastReceiver"
174-->[androidx.work:work-runtime:2.7.0] AndroidManifest.xml:62:13-88
175            android:directBootAware="false"
175-->[androidx.work:work-runtime:2.7.0] AndroidManifest.xml:63:13-44
176            android:enabled="true"
176-->[androidx.work:work-runtime:2.7.0] AndroidManifest.xml:64:13-35
177            android:exported="false" />
177-->[androidx.work:work-runtime:2.7.0] AndroidManifest.xml:65:13-37
178        <receiver
178-->[androidx.work:work-runtime:2.7.0] AndroidManifest.xml:67:9-77:20
179            android:name="androidx.work.impl.background.systemalarm.ConstraintProxy$BatteryChargingProxy"
179-->[androidx.work:work-runtime:2.7.0] AndroidManifest.xml:68:13-106
180            android:directBootAware="false"
180-->[androidx.work:work-runtime:2.7.0] AndroidManifest.xml:69:13-44
181            android:enabled="false"
181-->[androidx.work:work-runtime:2.7.0] AndroidManifest.xml:70:13-36
182            android:exported="false" >
182-->[androidx.work:work-runtime:2.7.0] AndroidManifest.xml:71:13-37
183            <intent-filter>
183-->[androidx.work:work-runtime:2.7.0] AndroidManifest.xml:73:13-76:29
184                <action android:name="android.intent.action.ACTION_POWER_CONNECTED" />
184-->[androidx.work:work-runtime:2.7.0] AndroidManifest.xml:74:17-87
184-->[androidx.work:work-runtime:2.7.0] AndroidManifest.xml:74:25-84
185                <action android:name="android.intent.action.ACTION_POWER_DISCONNECTED" />
185-->[androidx.work:work-runtime:2.7.0] AndroidManifest.xml:75:17-90
185-->[androidx.work:work-runtime:2.7.0] AndroidManifest.xml:75:25-87
186            </intent-filter>
187        </receiver>
188        <receiver
188-->[androidx.work:work-runtime:2.7.0] AndroidManifest.xml:78:9-88:20
189            android:name="androidx.work.impl.background.systemalarm.ConstraintProxy$BatteryNotLowProxy"
189-->[androidx.work:work-runtime:2.7.0] AndroidManifest.xml:79:13-104
190            android:directBootAware="false"
190-->[androidx.work:work-runtime:2.7.0] AndroidManifest.xml:80:13-44
191            android:enabled="false"
191-->[androidx.work:work-runtime:2.7.0] AndroidManifest.xml:81:13-36
192            android:exported="false" >
192-->[androidx.work:work-runtime:2.7.0] AndroidManifest.xml:82:13-37
193            <intent-filter>
193-->[androidx.work:work-runtime:2.7.0] AndroidManifest.xml:84:13-87:29
194                <action android:name="android.intent.action.BATTERY_OKAY" />
194-->[androidx.work:work-runtime:2.7.0] AndroidManifest.xml:85:17-77
194-->[androidx.work:work-runtime:2.7.0] AndroidManifest.xml:85:25-74
195                <action android:name="android.intent.action.BATTERY_LOW" />
195-->[androidx.work:work-runtime:2.7.0] AndroidManifest.xml:86:17-76
195-->[androidx.work:work-runtime:2.7.0] AndroidManifest.xml:86:25-73
196            </intent-filter>
197        </receiver>
198        <receiver
198-->[androidx.work:work-runtime:2.7.0] AndroidManifest.xml:89:9-99:20
199            android:name="androidx.work.impl.background.systemalarm.ConstraintProxy$StorageNotLowProxy"
199-->[androidx.work:work-runtime:2.7.0] AndroidManifest.xml:90:13-104
200            android:directBootAware="false"
200-->[androidx.work:work-runtime:2.7.0] AndroidManifest.xml:91:13-44
201            android:enabled="false"
201-->[androidx.work:work-runtime:2.7.0] AndroidManifest.xml:92:13-36
202            android:exported="false" >
202-->[androidx.work:work-runtime:2.7.0] AndroidManifest.xml:93:13-37
203            <intent-filter>
203-->[androidx.work:work-runtime:2.7.0] AndroidManifest.xml:95:13-98:29
204                <action android:name="android.intent.action.DEVICE_STORAGE_LOW" />
204-->[androidx.work:work-runtime:2.7.0] AndroidManifest.xml:96:17-83
204-->[androidx.work:work-runtime:2.7.0] AndroidManifest.xml:96:25-80
205                <action android:name="android.intent.action.DEVICE_STORAGE_OK" />
205-->[androidx.work:work-runtime:2.7.0] AndroidManifest.xml:97:17-82
205-->[androidx.work:work-runtime:2.7.0] AndroidManifest.xml:97:25-79
206            </intent-filter>
207        </receiver>
208        <receiver
208-->[androidx.work:work-runtime:2.7.0] AndroidManifest.xml:100:9-109:20
209            android:name="androidx.work.impl.background.systemalarm.ConstraintProxy$NetworkStateProxy"
209-->[androidx.work:work-runtime:2.7.0] AndroidManifest.xml:101:13-103
210            android:directBootAware="false"
210-->[androidx.work:work-runtime:2.7.0] AndroidManifest.xml:102:13-44
211            android:enabled="false"
211-->[androidx.work:work-runtime:2.7.0] AndroidManifest.xml:103:13-36
212            android:exported="false" >
212-->[androidx.work:work-runtime:2.7.0] AndroidManifest.xml:104:13-37
213            <intent-filter>
213-->[androidx.work:work-runtime:2.7.0] AndroidManifest.xml:106:13-108:29
214                <action android:name="android.net.conn.CONNECTIVITY_CHANGE" />
214-->[androidx.work:work-runtime:2.7.0] AndroidManifest.xml:107:17-79
214-->[androidx.work:work-runtime:2.7.0] AndroidManifest.xml:107:25-76
215            </intent-filter>
216        </receiver>
217        <receiver
217-->[androidx.work:work-runtime:2.7.0] AndroidManifest.xml:110:9-121:20
218            android:name="androidx.work.impl.background.systemalarm.RescheduleReceiver"
218-->[androidx.work:work-runtime:2.7.0] AndroidManifest.xml:111:13-88
219            android:directBootAware="false"
219-->[androidx.work:work-runtime:2.7.0] AndroidManifest.xml:112:13-44
220            android:enabled="false"
220-->[androidx.work:work-runtime:2.7.0] AndroidManifest.xml:113:13-36
221            android:exported="false" >
221-->[androidx.work:work-runtime:2.7.0] AndroidManifest.xml:114:13-37
222            <intent-filter>
222-->[androidx.work:work-runtime:2.7.0] AndroidManifest.xml:116:13-120:29
223                <action android:name="android.intent.action.BOOT_COMPLETED" />
223-->[androidx.work:work-runtime:2.7.0] AndroidManifest.xml:117:17-79
223-->[androidx.work:work-runtime:2.7.0] AndroidManifest.xml:117:25-76
224                <action android:name="android.intent.action.TIME_SET" />
224-->[androidx.work:work-runtime:2.7.0] AndroidManifest.xml:118:17-73
224-->[androidx.work:work-runtime:2.7.0] AndroidManifest.xml:118:25-70
225                <action android:name="android.intent.action.TIMEZONE_CHANGED" />
225-->[androidx.work:work-runtime:2.7.0] AndroidManifest.xml:119:17-81
225-->[androidx.work:work-runtime:2.7.0] AndroidManifest.xml:119:25-78
226            </intent-filter>
227        </receiver>
228        <receiver
228-->[androidx.work:work-runtime:2.7.0] AndroidManifest.xml:122:9-131:20
229            android:name="androidx.work.impl.background.systemalarm.ConstraintProxyUpdateReceiver"
229-->[androidx.work:work-runtime:2.7.0] AndroidManifest.xml:123:13-99
230            android:directBootAware="false"
230-->[androidx.work:work-runtime:2.7.0] AndroidManifest.xml:124:13-44
231            android:enabled="@bool/enable_system_alarm_service_default"
231-->[androidx.work:work-runtime:2.7.0] AndroidManifest.xml:125:13-72
232            android:exported="false" >
232-->[androidx.work:work-runtime:2.7.0] AndroidManifest.xml:126:13-37
233            <intent-filter>
233-->[androidx.work:work-runtime:2.7.0] AndroidManifest.xml:128:13-130:29
234                <action android:name="androidx.work.impl.background.systemalarm.UpdateProxies" />
234-->[androidx.work:work-runtime:2.7.0] AndroidManifest.xml:129:17-98
234-->[androidx.work:work-runtime:2.7.0] AndroidManifest.xml:129:25-95
235            </intent-filter>
236        </receiver>
237        <receiver
237-->[androidx.work:work-runtime:2.7.0] AndroidManifest.xml:132:9-142:20
238            android:name="androidx.work.impl.diagnostics.DiagnosticsReceiver"
238-->[androidx.work:work-runtime:2.7.0] AndroidManifest.xml:133:13-78
239            android:directBootAware="false"
239-->[androidx.work:work-runtime:2.7.0] AndroidManifest.xml:134:13-44
240            android:enabled="true"
240-->[androidx.work:work-runtime:2.7.0] AndroidManifest.xml:135:13-35
241            android:exported="true"
241-->[androidx.work:work-runtime:2.7.0] AndroidManifest.xml:136:13-36
242            android:permission="android.permission.DUMP" >
242-->[androidx.work:work-runtime:2.7.0] AndroidManifest.xml:137:13-57
243            <intent-filter>
243-->[androidx.work:work-runtime:2.7.0] AndroidManifest.xml:139:13-141:29
244                <action android:name="androidx.work.diagnostics.REQUEST_DIAGNOSTICS" />
244-->[androidx.work:work-runtime:2.7.0] AndroidManifest.xml:140:17-88
244-->[androidx.work:work-runtime:2.7.0] AndroidManifest.xml:140:25-85
245            </intent-filter>
246        </receiver>
247
248        <uses-library
248-->[androidx.privacysandbox.ads:ads-adservices:1.0.0-beta05] AndroidManifest.xml:23:9-25:40
249            android:name="android.ext.adservices"
249-->[androidx.privacysandbox.ads:ads-adservices:1.0.0-beta05] AndroidManifest.xml:24:13-50
250            android:required="false" />
250-->[androidx.privacysandbox.ads:ads-adservices:1.0.0-beta05] AndroidManifest.xml:25:13-37
251
252        <service
252-->[androidx.room:room-runtime:2.6.1] AndroidManifest.xml:24:9-28:63
253            android:name="androidx.room.MultiInstanceInvalidationService"
253-->[androidx.room:room-runtime:2.6.1] AndroidManifest.xml:25:13-74
254            android:directBootAware="true"
254-->[androidx.room:room-runtime:2.6.1] AndroidManifest.xml:26:13-43
255            android:exported="false" />
255-->[androidx.room:room-runtime:2.6.1] AndroidManifest.xml:27:13-37
256
257        <receiver
257-->[androidx.profileinstaller:profileinstaller:1.3.0] AndroidManifest.xml:34:9-52:20
258            android:name="androidx.profileinstaller.ProfileInstallReceiver"
258-->[androidx.profileinstaller:profileinstaller:1.3.0] AndroidManifest.xml:35:13-76
259            android:directBootAware="false"
259-->[androidx.profileinstaller:profileinstaller:1.3.0] AndroidManifest.xml:36:13-44
260            android:enabled="true"
260-->[androidx.profileinstaller:profileinstaller:1.3.0] AndroidManifest.xml:37:13-35
261            android:exported="true"
261-->[androidx.profileinstaller:profileinstaller:1.3.0] AndroidManifest.xml:38:13-36
262            android:permission="android.permission.DUMP" >
262-->[androidx.profileinstaller:profileinstaller:1.3.0] AndroidManifest.xml:39:13-57
263            <intent-filter>
263-->[androidx.profileinstaller:profileinstaller:1.3.0] AndroidManifest.xml:40:13-42:29
264                <action android:name="androidx.profileinstaller.action.INSTALL_PROFILE" />
264-->[androidx.profileinstaller:profileinstaller:1.3.0] AndroidManifest.xml:41:17-91
264-->[androidx.profileinstaller:profileinstaller:1.3.0] AndroidManifest.xml:41:25-88
265            </intent-filter>
266            <intent-filter>
266-->[androidx.profileinstaller:profileinstaller:1.3.0] AndroidManifest.xml:43:13-45:29
267                <action android:name="androidx.profileinstaller.action.SKIP_FILE" />
267-->[androidx.profileinstaller:profileinstaller:1.3.0] AndroidManifest.xml:44:17-85
267-->[androidx.profileinstaller:profileinstaller:1.3.0] AndroidManifest.xml:44:25-82
268            </intent-filter>
269            <intent-filter>
269-->[androidx.profileinstaller:profileinstaller:1.3.0] AndroidManifest.xml:46:13-48:29
270                <action android:name="androidx.profileinstaller.action.SAVE_PROFILE" />
270-->[androidx.profileinstaller:profileinstaller:1.3.0] AndroidManifest.xml:47:17-88
270-->[androidx.profileinstaller:profileinstaller:1.3.0] AndroidManifest.xml:47:25-85
271            </intent-filter>
272            <intent-filter>
272-->[androidx.profileinstaller:profileinstaller:1.3.0] AndroidManifest.xml:49:13-51:29
273                <action android:name="androidx.profileinstaller.action.BENCHMARK_OPERATION" />
273-->[androidx.profileinstaller:profileinstaller:1.3.0] AndroidManifest.xml:50:17-95
273-->[androidx.profileinstaller:profileinstaller:1.3.0] AndroidManifest.xml:50:25-92
274            </intent-filter>
275        </receiver>
276    </application>
277